c:\users\cbvxv\source\repos\excersec\x64\release\antidbg.lib
c:\users\cbvxv\source\repos\excersec\x64\release\antidbg.exp
c:\users\cbvxv\source\repos\excersec\antidbg\x64\release\vc142.pdb
c:\users\cbvxv\source\repos\excersec\antidbg\x64\release\gauntlet.obj
c:\users\cbvxv\source\repos\excersec\antidbg\x64\release\dllmain.obj
c:\users\cbvxv\source\repos\excersec\x64\release\antidbg.obj
c:\users\cbvxv\source\repos\excersec\x64\release\antidbg.dll
c:\users\cbvxv\source\repos\excersec\antidbg\x64\release\antidbg.ipdb
c:\users\cbvxv\source\repos\excersec\antidbg\x64\release\antidbg.iobj
c:\users\cbvxv\source\repos\excersec\x64\release\antidbg.pdb
c:\users\cbvxv\source\repos\excersec\antidbg\x64\release\antidbg.tlog\antidbg.write.1u.tlog
c:\users\cbvxv\source\repos\excersec\antidbg\x64\release\antidbg.tlog\cl.command.1.tlog
c:\users\cbvxv\source\repos\excersec\antidbg\x64\release\antidbg.tlog\cl.read.1.tlog
c:\users\cbvxv\source\repos\excersec\antidbg\x64\release\antidbg.tlog\cl.write.1.tlog
c:\users\cbvxv\source\repos\excersec\antidbg\x64\release\antidbg.tlog\custombuild.command.1.tlog
c:\users\cbvxv\source\repos\excersec\antidbg\x64\release\antidbg.tlog\custombuild.read.1.tlog
c:\users\cbvxv\source\repos\excersec\antidbg\x64\release\antidbg.tlog\custombuild.write.1.tlog
c:\users\cbvxv\source\repos\excersec\antidbg\x64\release\antidbg.tlog\link.command.1.tlog
c:\users\cbvxv\source\repos\excersec\antidbg\x64\release\antidbg.tlog\link.read.1.tlog
c:\users\cbvxv\source\repos\excersec\antidbg\x64\release\antidbg.tlog\link.write.1.tlog
