c:\users\oxyn\desktop\dev\guardshield-main\dll\antidbg\x64\debug\vc143.pdb
c:\users\oxyn\desktop\dev\guardshield-main\dll\antidbg\x64\debug\vc143.idb
c:\users\oxyn\desktop\dev\guardshield-main\dll\antidbg\x64\debug\dllmain.obj
c:\users\oxyn\desktop\dev\guardshield-main\dll\antidbg\x64\debug\functions.obj
c:\users\oxyn\desktop\dev\guardshield-main\dll\x64\debug\antidbg.obj
c:\users\oxyn\desktop\dev\guardshield-main\dll\antidbg\x64\debug\antidbg.ilk
c:\users\oxyn\desktop\dev\guardshield-main\dll\x64\debug\antidbg.dll
c:\users\oxyn\desktop\dev\guardshield-main\dll\x64\debug\antidbg.pdb
c:\users\oxyn\desktop\dev\guardshield-main\dll\x64\debug\antidbg.lib
c:\users\oxyn\desktop\dev\guardshield-main\dll\x64\debug\antidbg.exp
c:\users\oxyn\desktop\dev\guardshield-main\dll\antidbg\x64\debug\antidbg.tlog\cl.command.1.tlog
c:\users\oxyn\desktop\dev\guardshield-main\dll\antidbg\x64\debug\antidbg.tlog\cl.items.tlog
c:\users\oxyn\desktop\dev\guardshield-main\dll\antidbg\x64\debug\antidbg.tlog\cl.read.1.tlog
c:\users\oxyn\desktop\dev\guardshield-main\dll\antidbg\x64\debug\antidbg.tlog\cl.write.1.tlog
c:\users\oxyn\desktop\dev\guardshield-main\dll\antidbg\x64\debug\antidbg.tlog\custombuild.command.1.tlog
c:\users\oxyn\desktop\dev\guardshield-main\dll\antidbg\x64\debug\antidbg.tlog\custombuild.read.1.tlog
c:\users\oxyn\desktop\dev\guardshield-main\dll\antidbg\x64\debug\antidbg.tlog\custombuild.write.1.tlog
c:\users\oxyn\desktop\dev\guardshield-main\dll\antidbg\x64\debug\antidbg.tlog\link.command.1.tlog
c:\users\oxyn\desktop\dev\guardshield-main\dll\antidbg\x64\debug\antidbg.tlog\link.read.1.tlog
c:\users\oxyn\desktop\dev\guardshield-main\dll\antidbg\x64\debug\antidbg.tlog\link.write.1.tlog
c:\users\oxyn\desktop\dev\guardshield-main\dll\antidbg\x64\debug\antidbg.tlog\link.write.2u.tlog
